C51 COMPILER V9.60.0.0   CONTROL_TEMPERATURE                                               12/26/2020 20:48:58 PAGE 1   


C51 COMPILER V9.60.0.0, COMPILATION OF MODULE CONTROL_TEMPERATURE
OBJECT MODULE PLACED IN .\Objects\control_temperature.obj
COMPILER INVOKED BY: D:\ACTION\Keil_v5\C51\BIN\C51.EXE control_temperature.c LARGE OPTIMIZE(8,SPEED) BROWSE DEBUG OBJECT
                    -EXTEND PRINT(.\Listings\control_temperature.lst) OBJECT(.\Objects\control_temperature.obj)

line level    source

   1          #include "control_temperature.h"
   2          
   3          
   4          void conTemInit(void)
   5          {
   6   1              P2  = 0xff;
   7   1      }
   8          void coldDown(void)
   9          {
  10   1              P20 = 1;
  11   1              P21 = 1;
  12   1              P22 = 0;
  13   1              P23 = 0;
  14   1      }
  15          void warmUp(void)
  16          {
  17   1              P20 = 0;
  18   1              P21 = 0;
  19   1              P22 = 1;
  20   1              P23 = 1;
  21   1      }


MODULE INFORMATION:   STATIC OVERLAYABLE
   CODE SIZE        =     22    ----
   CONSTANT SIZE    =   ----    ----
   XDATA SIZE       =   ----    ----
   PDATA SIZE       =   ----    ----
   DATA SIZE        =   ----    ----
   IDATA SIZE       =   ----    ----
   BIT SIZE         =   ----    ----
END OF MODULE INFORMATION.


C51 COMPILATION COMPLETE.  0 WARNING(S),  0 ERROR(S)
