C51 COMPILER V9.60.0.0   MAIN                                                              12/25/2020 10:26:12 PAGE 1   


C51 COMPILER V9.60.0.0, COMPILATION OF MODULE MAIN
OBJECT MODULE PLACED IN .\Objects\main.obj
COMPILER INVOKED BY: D:\ACTION\Keil_v5\C51\BIN\C51.EXE main.c LARGE OPTIMIZE(8,SPEED) BROWSE DEBUG OBJECTEXTEND PRINT(.\
                    -Listings\main.lst) OBJECT(.\Objects\main.obj)

line level    source

   1          #include <reg51.h>
   2          
   3          #include <REG51.H>  
   4          #include <intRIns.h>
   5          #include <ABSACC.h>
   6          #include <math.h>
   7          
   8          
   9          #include "adc.h"
  10          #include "control_temperature.h"
  11          #include "led_key.h"
  12          #include "time.h"
  13          
  14          #define KEYNUM 0 //按键设置给定温度
  15          #define ADCNUM 1 //AD模块转换得到温度
  16          #define COLD   2 //降温
  17          #define WARM   3 //升温
  18          
  19          
  20          void config(void);
  21          
  22          
  23          
  24          void main(void)
  25          {
  26   1              unsigned int stepFlg = 0;
  27   1              int temper = 0;
  28   1              config();
  29   1              while(1)
  30   1              {
  31   2                      if(Goflag == 1)
  32   2                      {
  33   3                              Goflag = 0;
  34   3                              switch(stepFlg)
  35   3                              {
  36   4                                      case KEYNUM:    //0
  37   4                                      {
  38   5                                              temper = InputTemper();
  39   5                                              stepFlg++;
  40   5                                              break;
  41   5                                      }
  42   4                                      case ADCNUM:    //1
  43   4                                      {
  44   5                                              stepFlg = GetTemper(temper);
  45   5                                              break;
  46   5                                      }
  47   4                                      case COLD:              //2
  48   4                                      {
  49   5                                              coldDown();
  50   5                                              stepFlg = 1;
  51   5                                              break;
  52   5                                      }
  53   4                                      case WARM:              //3
  54   4                                      {
C51 COMPILER V9.60.0.0   MAIN                                                              12/25/2020 10:26:12 PAGE 2   

  55   5                                              warmUp();
  56   5                                              stepFlg = 1;
  57   5                                              break;
  58   5                                      }
  59   4                                      default:                //重置
  60   4                                      {
  61   5                                              stepFlg = 0;
  62   5                                              break;
  63   5                                      }
  64   4                              }
  65   3                              if(resetFlg == 1)
  66   3                              {
  67   4                                      resetFlg = 0;
  68   4                                      stepFlg = 0;
  69   4                              }
  70   3                      }
  71   2                      
  72   2              }
  73   1      }
  74          
  75          void config(void)
  76          {   
  77   1              ADC_Init();
  78   1              TIM0Init();
  79   1              Led_KeyInit();
  80   1              conTemInit();
  81   1      }
  82          
  83          
  84          
  85          
  86          
  87          
  88          


MODULE INFORMATION:   STATIC OVERLAYABLE
   CODE SIZE        =    169    ----
   CONSTANT SIZE    =   ----    ----
   XDATA SIZE       =   ----       4
   PDATA SIZE       =   ----    ----
   DATA SIZE        =   ----    ----
   IDATA SIZE       =   ----    ----
   BIT SIZE         =   ----    ----
END OF MODULE INFORMATION.


C51 COMPILATION COMPLETE.  0 WARNING(S),  0 ERROR(S)
